{"uuid":"944c110c-4012-48a5-8460-dbd1950aadea","historyId":"457e88b2e1caa888017a1467eb826423","testCaseId":"12e321a9bf1a7135d1267d4126b4ba36","fullName":"src/test/resources/features/Registration.feature:14","labels":[{"name":"host","value":"DESKTOP-TA2JTMN"},{"name":"thread","value":"4664@DESKTOP-TA2JTMN.main(1)"},{"name":"feature","value":"Check Feature Register User"},{"name":"story","value":"Register with valid data"},{"name":"suite","value":"Check Feature Register User"},{"name":"testClass","value":"Register with valid data"},{"name":"framework","value":"cucumber4jvm"},{"name":"language","value":"java"},{"name":"gherkin_uri","value":"file:///C:/Users/user/eclipseworkspace/ShopBDDweb/src/test/resources/features/Registration.feature"},{"name":"package","value":"src.test.resources.features.Registration_feature.Check Feature Register User"}],"links":[],"name":"Register with valid data","status":"broken","statusDetails":{"known":false,"muted":false,"flaky":false,"message":"Could not start a new session. Response code 500. Message: session not created: This version of ChromeDriver only supports Chrome version 130\nCurrent browser version is 129.0.6668.71 with binary path C:\\Users\\user\\AppData\\Local\\Google\\Chrome\\Application\\chrome.exe \nHost info: host: 'DESKTOP-TA2JTMN', ip: '192.168.1.56'\nBuild info: version: '4.25.0', revision: '8a8aea2337'\nSystem info: os.name: 'Windows 11', os.arch: 'amd64', os.version: '10.0', java.version: '17.0.11'\nDriver info: org.openqa.selenium.chrome.ChromeDriver\nCommand: [null, newSession {capabilities=[Capabilities {browserName: chrome, goog:chromeOptions: {args: [], extensions: []}}]}]","trace":"org.openqa.selenium.SessionNotCreatedException: Could not start a new session. Response code 500. Message: session not created: This version of ChromeDriver only supports Chrome version 130\nCurrent browser version is 129.0.6668.71 with binary path C:\\Users\\user\\AppData\\Local\\Google\\Chrome\\Application\\chrome.exe \nHost info: host: 'DESKTOP-TA2JTMN', ip: '192.168.1.56'\nBuild info: version: '4.25.0', revision: '8a8aea2337'\nSystem info: os.name: 'Windows 11', os.arch: 'amd64', os.version: '10.0', java.version: '17.0.11'\nDriver info: org.openqa.selenium.chrome.ChromeDriver\nCommand: [null, newSession {capabilities=[Capabilities {browserName: chrome, goog:chromeOptions: {args: [], extensions: []}}]}]\r\n\tat org.openqa.selenium.remote.ProtocolHandshake.createSession(ProtocolHandshake.java:114)\r\n\tat org.openqa.selenium.remote.ProtocolHandshake.createSession(ProtocolHandshake.java:75)\r\n\tat org.openqa.selenium.remote.ProtocolHandshake.createSession(ProtocolHandshake.java:61)\r\n\tat org.openqa.selenium.remote.HttpCommandExecutor.execute(HttpCommandExecutor.java:162)\r\n\tat org.openqa.selenium.remote.service.DriverCommandExecutor.invokeExecute(DriverCommandExecutor.java:216)\r\n\tat org.openqa.selenium.remote.service.DriverCommandExecutor.execute(DriverCommandExecutor.java:174)\r\n\tat org.openqa.selenium.remote.RemoteWebDriver.execute(RemoteWebDriver.java:545)\r\n\tat org.openqa.selenium.remote.RemoteWebDriver.startSession(RemoteWebDriver.java:245)\r\n\tat org.openqa.selenium.remote.RemoteWebDriver.<init>(RemoteWebDriver.java:174)\r\n\tat org.openqa.selenium.chromium.ChromiumDriver.<init>(ChromiumDriver.java:114)\r\n\tat org.openqa.selenium.chrome.ChromeDriver.<init>(ChromeDriver.java:88)\r\n\tat org.openqa.selenium.chrome.ChromeDriver.<init>(ChromeDriver.java:83)\r\n\tat org.openqa.selenium.chrome.ChromeDriver.<init>(ChromeDriver.java:51)\r\n\tat com.basepage.BasePage.setDriver(BasePage.java:16)\r\n\tat com.stepDefinition.Registration.user_open_browser_to_register_page(Registration.java:21)\r\n\tat ✽.User open browser to register page(file:///C:/Users/user/eclipseworkspace/ShopBDDweb/src/test/resources/features/Registration.feature:5)\r\n"},"stage":"finished","steps":[{"name":"Given User open browser to register page","status":"broken","statusDetails":{"known":false,"muted":false,"flaky":false,"message":"Could not start a new session. Response code 500. Message: session not created: This version of ChromeDriver only supports Chrome version 130\nCurrent browser version is 129.0.6668.71 with binary path C:\\Users\\user\\AppData\\Local\\Google\\Chrome\\Application\\chrome.exe \nHost info: host: 'DESKTOP-TA2JTMN', ip: '192.168.1.56'\nBuild info: version: '4.25.0', revision: '8a8aea2337'\nSystem info: os.name: 'Windows 11', os.arch: 'amd64', os.version: '10.0', java.version: '17.0.11'\nDriver info: org.openqa.selenium.chrome.ChromeDriver\nCommand: [null, newSession {capabilities=[Capabilities {browserName: chrome, goog:chromeOptions: {args: [], extensions: []}}]}]","trace":"org.openqa.selenium.SessionNotCreatedException: Could not start a new session. Response code 500. Message: session not created: This version of ChromeDriver only supports Chrome version 130\nCurrent browser version is 129.0.6668.71 with binary path C:\\Users\\user\\AppData\\Local\\Google\\Chrome\\Application\\chrome.exe \nHost info: host: 'DESKTOP-TA2JTMN', ip: '192.168.1.56'\nBuild info: version: '4.25.0', revision: '8a8aea2337'\nSystem info: os.name: 'Windows 11', os.arch: 'amd64', os.version: '10.0', java.version: '17.0.11'\nDriver info: org.openqa.selenium.chrome.ChromeDriver\nCommand: [null, newSession {capabilities=[Capabilities {browserName: chrome, goog:chromeOptions: {args: [], extensions: []}}]}]\r\n\tat org.openqa.selenium.remote.ProtocolHandshake.createSession(ProtocolHandshake.java:114)\r\n\tat org.openqa.selenium.remote.ProtocolHandshake.createSession(ProtocolHandshake.java:75)\r\n\tat org.openqa.selenium.remote.ProtocolHandshake.createSession(ProtocolHandshake.java:61)\r\n\tat org.openqa.selenium.remote.HttpCommandExecutor.execute(HttpCommandExecutor.java:162)\r\n\tat org.openqa.selenium.remote.service.DriverCommandExecutor.invokeExecute(DriverCommandExecutor.java:216)\r\n\tat org.openqa.selenium.remote.service.DriverCommandExecutor.execute(DriverCommandExecutor.java:174)\r\n\tat org.openqa.selenium.remote.RemoteWebDriver.execute(RemoteWebDriver.java:545)\r\n\tat org.openqa.selenium.remote.RemoteWebDriver.startSession(RemoteWebDriver.java:245)\r\n\tat org.openqa.selenium.remote.RemoteWebDriver.<init>(RemoteWebDriver.java:174)\r\n\tat org.openqa.selenium.chromium.ChromiumDriver.<init>(ChromiumDriver.java:114)\r\n\tat org.openqa.selenium.chrome.ChromeDriver.<init>(ChromeDriver.java:88)\r\n\tat org.openqa.selenium.chrome.ChromeDriver.<init>(ChromeDriver.java:83)\r\n\tat org.openqa.selenium.chrome.ChromeDriver.<init>(ChromeDriver.java:51)\r\n\tat com.basepage.BasePage.setDriver(BasePage.java:16)\r\n\tat com.stepDefinition.Registration.user_open_browser_to_register_page(Registration.java:21)\r\n\tat ✽.User open browser to register page(file:///C:/Users/user/eclipseworkspace/ShopBDDweb/src/test/resources/features/Registration.feature:5)\r\n"},"stage":"finished","steps":[],"attachments":[],"parameters":[],"start":1733853204800,"stop":1733853205891},{"name":"When User enter valid credential \"test\" \"test\" \"test1200@yopmail.com\" \"99556633\" \"987654321S\" \"987654321S\"","status":"skipped","statusDetails":{"known":false,"muted":false,"flaky":false},"stage":"finished","steps":[],"attachments":[],"parameters":[],"start":1733853205891,"stop":1733853205891},{"name":"And User click button policy","status":"skipped","statusDetails":{"known":false,"muted":false,"flaky":false},"stage":"finished","steps":[],"attachments":[],"parameters":[],"start":1733853205891,"stop":1733853205891},{"name":"And User click button register","status":"skipped","statusDetails":{"known":false,"muted":false,"flaky":false},"stage":"finished","steps":[],"attachments":[],"parameters":[],"start":1733853205891,"stop":1733853205897},{"name":"Then User create account","status":"skipped","statusDetails":{"known":false,"muted":false,"flaky":false},"stage":"finished","steps":[],"attachments":[],"parameters":[],"start":1733853205897,"stop":1733853205897}],"attachments":[],"parameters":[{"name":"firstname","value":"test"},{"name":"lastname","value":"test"},{"name":"email","value":"test1200@yopmail.com"},{"name":"telephone","value":"99556633"},{"name":"password","value":"987654321S"},{"name":"confpassword","value":"987654321S"}],"start":1733853204800,"stop":1733853205899}