{"uuid":"f73f57ae-5465-48ed-ab1e-47a2115c958d","historyId":"457e88b2e1caa888017a1467eb826423","testCaseId":"12e321a9bf1a7135d1267d4126b4ba36","fullName":"src/test/resources/features/Registration.feature:14","labels":[{"name":"host","value":"DESKTOP-TA2JTMN"},{"name":"thread","value":"17100@DESKTOP-TA2JTMN.main(1)"},{"name":"feature","value":"Check Feature Register User"},{"name":"story","value":"Register with valid data"},{"name":"suite","value":"Check Feature Register User"},{"name":"testClass","value":"Register with valid data"},{"name":"framework","value":"cucumber4jvm"},{"name":"language","value":"java"},{"name":"gherkin_uri","value":"file:///C:/Users/user/eclipseworkspace/ShopBDDweb/src/test/resources/features/Registration.feature"},{"name":"package","value":"src.test.resources.features.Registration_feature.Check Feature Register User"}],"links":[],"name":"Register with valid data","status":"failed","statusDetails":{"known":false,"muted":false,"flaky":false,"message":"expected [Your Account Has Been Created!] but found [Register Account]","trace":"java.lang.AssertionError: expected [Your Account Has Been Created!] but found [Register Account]\r\n\tat org.testng.Assert.fail(Assert.java:111)\r\n\tat org.testng.Assert.failNotEquals(Assert.java:1578)\r\n\tat org.testng.Assert.assertEqualsImpl(Assert.java:150)\r\n\tat org.testng.Assert.assertEquals(Assert.java:132)\r\n\tat org.testng.Assert.assertEquals(Assert.java:656)\r\n\tat org.testng.Assert.assertEquals(Assert.java:666)\r\n\tat com.stepDefinition.Registration.user_create_account(Registration.java:50)\r\n\tat ✽.User create account(file:///C:/Users/user/eclipseworkspace/ShopBDDweb/src/test/resources/features/Registration.feature:9)\r\n"},"stage":"finished","steps":[{"name":"Given User open browser to register page","status":"passed","statusDetails":{"known":false,"muted":false,"flaky":false},"stage":"finished","steps":[],"attachments":[],"parameters":[],"start":1733481328241,"stop":1733481334823},{"name":"When User enter valid credential \"test\" \"test\" \"test1200@yopmail.com\" \"99556633\" \"987654321S\" \"987654321S\"","status":"passed","statusDetails":{"known":false,"muted":false,"flaky":false},"stage":"finished","steps":[],"attachments":[],"parameters":[],"start":1733481334823,"stop":1733481335300},{"name":"And User click button policy","status":"passed","statusDetails":{"known":false,"muted":false,"flaky":false},"stage":"finished","steps":[],"attachments":[],"parameters":[],"start":1733481335301,"stop":1733481335382},{"name":"And User click button register","status":"passed","statusDetails":{"known":false,"muted":false,"flaky":false},"stage":"finished","steps":[],"attachments":[],"parameters":[],"start":1733481335382,"stop":1733481336373},{"name":"Then User create account","status":"failed","statusDetails":{"known":false,"muted":false,"flaky":false,"message":"expected [Your Account Has Been Created!] but found [Register Account]","trace":"java.lang.AssertionError: expected [Your Account Has Been Created!] but found [Register Account]\r\n\tat org.testng.Assert.fail(Assert.java:111)\r\n\tat org.testng.Assert.failNotEquals(Assert.java:1578)\r\n\tat org.testng.Assert.assertEqualsImpl(Assert.java:150)\r\n\tat org.testng.Assert.assertEquals(Assert.java:132)\r\n\tat org.testng.Assert.assertEquals(Assert.java:656)\r\n\tat org.testng.Assert.assertEquals(Assert.java:666)\r\n\tat com.stepDefinition.Registration.user_create_account(Registration.java:50)\r\n\tat ✽.User create account(file:///C:/Users/user/eclipseworkspace/ShopBDDweb/src/test/resources/features/Registration.feature:9)\r\n"},"stage":"finished","steps":[],"attachments":[],"parameters":[],"start":1733481336373,"stop":1733481336426}],"attachments":[],"parameters":[{"name":"firstname","value":"test"},{"name":"lastname","value":"test"},{"name":"email","value":"test1200@yopmail.com"},{"name":"telephone","value":"99556633"},{"name":"password","value":"987654321S"},{"name":"confpassword","value":"987654321S"}],"start":1733481328241,"stop":1733481336428}