<?xml version="1.0" encoding="UTF-8"?>
<!-- Generated by org.testng.reporters.JUnitReportReporter -->
<testsuite hostname="DESKTOP-TA2JTMN" failures="1" tests="9" name="com.myRunner.RunnerAddProduct" time="52.307" errors="0" timestamp="2024-12-06T11:35:45 CET" skipped="0">
  <testcase classname="com.myRunner.RunnerAddProduct" name="runScenario" time="0.910"/>
  <testcase classname="com.myRunner.RunnerAddProduct" name="runScenario" time="8.390"/>
  <testcase classname="com.myRunner.RunnerAddProduct" name="runScenario" time="5.578"/>
  <testcase classname="com.myRunner.RunnerAddProduct" name="runScenario" time="8.841"/>
  <testcase classname="com.myRunner.RunnerAddProduct" name="runScenario" time="7.648"/>
  <testcase classname="com.myRunner.RunnerAddProduct" name="runScenario" time="1.441"/>
  <testcase classname="com.myRunner.RunnerAddProduct" name="runScenario" time="4.145"/>
  <testcase classname="com.myRunner.RunnerAddProduct" name="runScenario" time="7.152"/>
  <testcase classname="com.myRunner.RunnerAddProduct" name="runScenario" time="8.202">
    <failure message="expected [Your Account Has Been Created!] but found [Register Account]" type="java.lang.AssertionError">
      <![CDATA[java.lang.AssertionError: expected [Your Account Has Been Created!] but found [Register Account]
at org.testng.Assert.fail(Assert.java:111)
at org.testng.Assert.failNotEquals(Assert.java:1578)
at org.testng.Assert.assertEqualsImpl(Assert.java:150)
at org.testng.Assert.assertEquals(Assert.java:132)
at org.testng.Assert.assertEquals(Assert.java:656)
at org.testng.Assert.assertEquals(Assert.java:666)
at com.stepDefinition.Registration.user_create_account(Registration.java:50)
at âœ½.User create account(file:///C:/Users/user/eclipseworkspace/ShopBDDweb/src/test/resources/features/Registration.feature:9)
]]>
    </failure>
  </testcase> <!-- runScenario -->
</testsuite> <!-- com.myRunner.RunnerAddProduct -->
