{"uid":"5d566f29ecf0b868","name":"Search product non existing product","fullName":"src/test/resources/features/AddCard.feature:13","historyId":"731c5297f8df93b60eaa1cfe3d023f29","time":{"start":1733933088747,"stop":1733933091018,"duration":2271},"status":"broken","statusMessage":"Could not start a new session. Response code 500. Message: session not created: This version of ChromeDriver only supports Chrome version 130\nCurrent browser version is 129.0.6668.71 with binary path C:\\Users\\user\\AppData\\Local\\Google\\Chrome\\Application\\chrome.exe \nHost info: host: 'DESKTOP-TA2JTMN', ip: '192.168.1.68'\nBuild info: version: '4.25.0', revision: '8a8aea2337'\nSystem info: os.name: 'Windows 11', os.arch: 'amd64', os.version: '10.0', java.version: '17.0.11'\nDriver info: org.openqa.selenium.chrome.ChromeDriver\nCommand: [null, newSession {capabilities=[Capabilities {browserName: chrome, goog:chromeOptions: {args: [], binary: C:\\Users\\user\\AppData\\Local..., extensions: []}}]}]","statusTrace":"org.openqa.selenium.SessionNotCreatedException: Could not start a new session. Response code 500. Message: session not created: This version of ChromeDriver only supports Chrome version 130\nCurrent browser version is 129.0.6668.71 with binary path C:\\Users\\user\\AppData\\Local\\Google\\Chrome\\Application\\chrome.exe \nHost info: host: 'DESKTOP-TA2JTMN', ip: '192.168.1.68'\nBuild info: version: '4.25.0', revision: '8a8aea2337'\nSystem info: os.name: 'Windows 11', os.arch: 'amd64', os.version: '10.0', java.version: '17.0.11'\nDriver info: org.openqa.selenium.chrome.ChromeDriver\nCommand: [null, newSession {capabilities=[Capabilities {browserName: chrome, goog:chromeOptions: {args: [], binary: C:\\Users\\user\\AppData\\Local..., extensions: []}}]}]\r\n\tat org.openqa.selenium.remote.ProtocolHandshake.createSession(ProtocolHandshake.java:114)\r\n\tat org.openqa.selenium.remote.ProtocolHandshake.createSession(ProtocolHandshake.java:75)\r\n\tat org.openqa.selenium.remote.ProtocolHandshake.createSession(ProtocolHandshake.java:61)\r\n\tat org.openqa.selenium.remote.HttpCommandExecutor.execute(HttpCommandExecutor.java:162)\r\n\tat org.openqa.selenium.remote.service.DriverCommandExecutor.invokeExecute(DriverCommandExecutor.java:216)\r\n\tat org.openqa.selenium.remote.service.DriverCommandExecutor.execute(DriverCommandExecutor.java:174)\r\n\tat org.openqa.selenium.remote.RemoteWebDriver.execute(RemoteWebDriver.java:545)\r\n\tat org.openqa.selenium.remote.RemoteWebDriver.startSession(RemoteWebDriver.java:245)\r\n\tat org.openqa.selenium.remote.RemoteWebDriver.<init>(RemoteWebDriver.java:174)\r\n\tat org.openqa.selenium.chromium.ChromiumDriver.<init>(ChromiumDriver.java:114)\r\n\tat org.openqa.selenium.chrome.ChromeDriver.<init>(ChromeDriver.java:88)\r\n\tat org.openqa.selenium.chrome.ChromeDriver.<init>(ChromeDriver.java:83)\r\n\tat org.openqa.selenium.chrome.ChromeDriver.<init>(ChromeDriver.java:51)\r\n\tat com.basepage.BasePage.setDriver(BasePage.java:21)\r\n\tat com.stepDefinition.AddCardSteps.user_go_to_home_page(AddCardSteps.java:22)\r\n\tat ✽.User go to home page(file:///C:/Users/user/eclipseworkspace/ShopBDDweb/src/test/resources/features/AddCard.feature:6)\r\n","flaky":false,"newFailed":false,"newBroken":false,"newPassed":false,"retriesCount":11,"retriesStatusChange":true,"beforeStages":[],"testStage":{"status":"broken","statusMessage":"Could not start a new session. Response code 500. Message: session not created: This version of ChromeDriver only supports Chrome version 130\nCurrent browser version is 129.0.6668.71 with binary path C:\\Users\\user\\AppData\\Local\\Google\\Chrome\\Application\\chrome.exe \nHost info: host: 'DESKTOP-TA2JTMN', ip: '192.168.1.68'\nBuild info: version: '4.25.0', revision: '8a8aea2337'\nSystem info: os.name: 'Windows 11', os.arch: 'amd64', os.version: '10.0', java.version: '17.0.11'\nDriver info: org.openqa.selenium.chrome.ChromeDriver\nCommand: [null, newSession {capabilities=[Capabilities {browserName: chrome, goog:chromeOptions: {args: [], binary: C:\\Users\\user\\AppData\\Local..., extensions: []}}]}]","statusTrace":"org.openqa.selenium.SessionNotCreatedException: Could not start a new session. Response code 500. Message: session not created: This version of ChromeDriver only supports Chrome version 130\nCurrent browser version is 129.0.6668.71 with binary path C:\\Users\\user\\AppData\\Local\\Google\\Chrome\\Application\\chrome.exe \nHost info: host: 'DESKTOP-TA2JTMN', ip: '192.168.1.68'\nBuild info: version: '4.25.0', revision: '8a8aea2337'\nSystem info: os.name: 'Windows 11', os.arch: 'amd64', os.version: '10.0', java.version: '17.0.11'\nDriver info: org.openqa.selenium.chrome.ChromeDriver\nCommand: [null, newSession {capabilities=[Capabilities {browserName: chrome, goog:chromeOptions: {args: [], binary: C:\\Users\\user\\AppData\\Local..., extensions: []}}]}]\r\n\tat org.openqa.selenium.remote.ProtocolHandshake.createSession(ProtocolHandshake.java:114)\r\n\tat org.openqa.selenium.remote.ProtocolHandshake.createSession(ProtocolHandshake.java:75)\r\n\tat org.openqa.selenium.remote.ProtocolHandshake.createSession(ProtocolHandshake.java:61)\r\n\tat org.openqa.selenium.remote.HttpCommandExecutor.execute(HttpCommandExecutor.java:162)\r\n\tat org.openqa.selenium.remote.service.DriverCommandExecutor.invokeExecute(DriverCommandExecutor.java:216)\r\n\tat org.openqa.selenium.remote.service.DriverCommandExecutor.execute(DriverCommandExecutor.java:174)\r\n\tat org.openqa.selenium.remote.RemoteWebDriver.execute(RemoteWebDriver.java:545)\r\n\tat org.openqa.selenium.remote.RemoteWebDriver.startSession(RemoteWebDriver.java:245)\r\n\tat org.openqa.selenium.remote.RemoteWebDriver.<init>(RemoteWebDriver.java:174)\r\n\tat org.openqa.selenium.chromium.ChromiumDriver.<init>(ChromiumDriver.java:114)\r\n\tat org.openqa.selenium.chrome.ChromeDriver.<init>(ChromeDriver.java:88)\r\n\tat org.openqa.selenium.chrome.ChromeDriver.<init>(ChromeDriver.java:83)\r\n\tat org.openqa.selenium.chrome.ChromeDriver.<init>(ChromeDriver.java:51)\r\n\tat com.basepage.BasePage.setDriver(BasePage.java:21)\r\n\tat com.stepDefinition.AddCardSteps.user_go_to_home_page(AddCardSteps.java:22)\r\n\tat ✽.User go to home page(file:///C:/Users/user/eclipseworkspace/ShopBDDweb/src/test/resources/features/AddCard.feature:6)\r\n","steps":[{"name":"Given User go to home page","time":{"start":1733933088749,"stop":1733933090989,"duration":2240},"status":"broken","statusMessage":"Could not start a new session. Response code 500. Message: session not created: This version of ChromeDriver only supports Chrome version 130\nCurrent browser version is 129.0.6668.71 with binary path C:\\Users\\user\\AppData\\Local\\Google\\Chrome\\Application\\chrome.exe \nHost info: host: 'DESKTOP-TA2JTMN', ip: '192.168.1.68'\nBuild info: version: '4.25.0', revision: '8a8aea2337'\nSystem info: os.name: 'Windows 11', os.arch: 'amd64', os.version: '10.0', java.version: '17.0.11'\nDriver info: org.openqa.selenium.chrome.ChromeDriver\nCommand: [null, newSession {capabilities=[Capabilities {browserName: chrome, goog:chromeOptions: {args: [], binary: C:\\Users\\user\\AppData\\Local..., extensions: []}}]}]","statusTrace":"org.openqa.selenium.SessionNotCreatedException: Could not start a new session. Response code 500. Message: session not created: This version of ChromeDriver only supports Chrome version 130\nCurrent browser version is 129.0.6668.71 with binary path C:\\Users\\user\\AppData\\Local\\Google\\Chrome\\Application\\chrome.exe \nHost info: host: 'DESKTOP-TA2JTMN', ip: '192.168.1.68'\nBuild info: version: '4.25.0', revision: '8a8aea2337'\nSystem info: os.name: 'Windows 11', os.arch: 'amd64', os.version: '10.0', java.version: '17.0.11'\nDriver info: org.openqa.selenium.chrome.ChromeDriver\nCommand: [null, newSession {capabilities=[Capabilities {browserName: chrome, goog:chromeOptions: {args: [], binary: C:\\Users\\user\\AppData\\Local..., extensions: []}}]}]\r\n\tat org.openqa.selenium.remote.ProtocolHandshake.createSession(ProtocolHandshake.java:114)\r\n\tat org.openqa.selenium.remote.ProtocolHandshake.createSession(ProtocolHandshake.java:75)\r\n\tat org.openqa.selenium.remote.ProtocolHandshake.createSession(ProtocolHandshake.java:61)\r\n\tat org.openqa.selenium.remote.HttpCommandExecutor.execute(HttpCommandExecutor.java:162)\r\n\tat org.openqa.selenium.remote.service.DriverCommandExecutor.invokeExecute(DriverCommandExecutor.java:216)\r\n\tat org.openqa.selenium.remote.service.DriverCommandExecutor.execute(DriverCommandExecutor.java:174)\r\n\tat org.openqa.selenium.remote.RemoteWebDriver.execute(RemoteWebDriver.java:545)\r\n\tat org.openqa.selenium.remote.RemoteWebDriver.startSession(RemoteWebDriver.java:245)\r\n\tat org.openqa.selenium.remote.RemoteWebDriver.<init>(RemoteWebDriver.java:174)\r\n\tat org.openqa.selenium.chromium.ChromiumDriver.<init>(ChromiumDriver.java:114)\r\n\tat org.openqa.selenium.chrome.ChromeDriver.<init>(ChromeDriver.java:88)\r\n\tat org.openqa.selenium.chrome.ChromeDriver.<init>(ChromeDriver.java:83)\r\n\tat org.openqa.selenium.chrome.ChromeDriver.<init>(ChromeDriver.java:51)\r\n\tat com.basepage.BasePage.setDriver(BasePage.java:21)\r\n\tat com.stepDefinition.AddCardSteps.user_go_to_home_page(AddCardSteps.java:22)\r\n\tat ✽.User go to home page(file:///C:/Users/user/eclipseworkspace/ShopBDDweb/src/test/resources/features/AddCard.feature:6)\r\n","steps":[],"attachments":[],"parameters":[],"shouldDisplayMessage":true,"attachmentsCount":0,"attachmentStep":false,"hasContent":true,"stepsCount":0},{"name":"When User enters name product \"NonExistentProduct\" into the search bar","time":{"start":1733933090992,"stop":1733933090994,"duration":2},"status":"skipped","steps":[],"attachments":[],"parameters":[],"shouldDisplayMessage":false,"attachmentsCount":0,"attachmentStep":false,"hasContent":false,"stepsCount":0},{"name":"And User click on the search button","time":{"start":1733933090994,"stop":1733933091000,"duration":6},"status":"skipped","steps":[],"attachments":[],"parameters":[],"shouldDisplayMessage":false,"attachmentsCount":0,"attachmentStep":false,"hasContent":false,"stepsCount":0},{"name":"Then User should see message \"There is no product that matches the search criteria.\"","time":{"start":1733933091001,"stop":1733933091002,"duration":1},"status":"skipped","steps":[],"attachments":[],"parameters":[],"shouldDisplayMessage":false,"attachmentsCount":0,"attachmentStep":false,"hasContent":false,"stepsCount":0}],"attachments":[],"parameters":[],"shouldDisplayMessage":false,"attachmentsCount":0,"attachmentStep":false,"hasContent":true,"stepsCount":4},"afterStages":[],"labels":[{"name":"host","value":"DESKTOP-TA2JTMN"},{"name":"thread","value":"16972@DESKTOP-TA2JTMN.main(1)"},{"name":"feature","value":"Search and Add and Delete product to the cart"},{"name":"story","value":"Search product non existing product"},{"name":"suite","value":"Search and Add and Delete product to the cart"},{"name":"testClass","value":"Search product non existing product"},{"name":"framework","value":"cucumber4jvm"},{"name":"language","value":"java"},{"name":"gherkin_uri","value":"file:///C:/Users/user/eclipseworkspace/ShopBDDweb/src/test/resources/features/AddCard.feature"},{"name":"package","value":"src.test.resources.features.AddCard_feature.Search and Add and Delete product to the cart"},{"name":"resultFormat","value":"allure2"}],"parameters":[{"name":"productinvalid","value":"NonExistentProduct"}],"links":[],"hidden":false,"retry":false,"extra":{"severity":"normal","retries":[{"uid":"e5dc19b3f3f06a0f","status":"passed","time":{"start":1733927092436,"stop":1733927109833,"duration":17397}},{"uid":"23be6374ca76be07","status":"broken","statusDetails":"no such element: Unable to locate element: {\"method\":\"xpath\",\"selector\":\"//p[contains(text(),'There is no product that matches the search criter')]\"}\n  (Session info: chrome=129.0.6668.71)\nFor documentation on this error, please visit: https://www.selenium.dev/documentation/webdriver/troubleshooting/errors#no-such-element-exception\nBuild info: version: '4.25.0', revision: '8a8aea2337'\nSystem info: os.name: 'Windows 11', os.arch: 'amd64', os.version: '10.0', java.version: '17.0.11'\nDriver info: org.openqa.selenium.chrome.ChromeDriver\nCommand: [f97115dd8c1b3a4f222b63b55ccf0b7c, findElement {using=xpath, value=//p[contains(text(),'There is no product that matches the search criter')]}]\nCapabilities {acceptInsecureCerts: false, browserName: chrome, browserVersion: 129.0.6668.71, chrome: {chromedriverVersion: 129.0.6668.91 (b00bc8b76d60..., userDataDir: C:\\Users\\user\\AppData\\Local...}, fedcm:accounts: true, goog:chromeOptions: {debuggerAddress: localhost:50870}, networkConnectionEnabled: false, pageLoadStrategy: normal, platformName: windows, proxy: Proxy(), se:cdp: ws://localhost:50870/devtoo..., se:cdpVersion: 129.0.6668.71, setWindowRect: true, strictFileInteractability: false, timeouts: {implicit: 0, pageLoad: 300000, script: 30000}, unhandledPromptBehavior: dismiss and notify, webauthn:extension:credBlob: true, webauthn:extension:largeBlob: true, webauthn:extension:minPinLength: true, webauthn:extension:prf: true, webauthn:virtualAuthenticators: true}\nSession ID: f97115dd8c1b3a4f222b63b55ccf0b7c","time":{"start":1733854694397,"stop":1733854741603,"duration":47206}},{"uid":"9472deb60c9fc259","status":"passed","time":{"start":1733854053746,"stop":1733854060668,"duration":6922}},{"uid":"1d006a351c2d96a","status":"passed","time":{"start":1733853747707,"stop":1733853755078,"duration":7371}},{"uid":"5d37c59868f0abda","status":"broken","statusDetails":"Could not start a new session. Response code 500. Message: session not created: This version of ChromeDriver only supports Chrome version 130\nCurrent browser version is 129.0.6668.71 with binary path C:\\Users\\user\\AppData\\Local\\Google\\Chrome\\Application\\chrome.exe \nHost info: host: 'DESKTOP-TA2JTMN', ip: '192.168.1.56'\nBuild info: version: '4.25.0', revision: '8a8aea2337'\nSystem info: os.name: 'Windows 11', os.arch: 'amd64', os.version: '10.0', java.version: '17.0.11'\nDriver info: org.openqa.selenium.chrome.ChromeDriver\nCommand: [null, newSession {capabilities=[Capabilities {browserName: chrome, goog:chromeOptions: {args: [], extensions: []}}]}]","time":{"start":1733853199124,"stop":1733853201610,"duration":2486}},{"uid":"a41fe38b0f296f3f","status":"passed","time":{"start":1733852855078,"stop":1733852862473,"duration":7395}},{"uid":"2fb699d9d3c57bca","status":"passed","time":{"start":1733847076400,"stop":1733847083727,"duration":7327}},{"uid":"ed36dcadb8231aab","status":"passed","time":{"start":1733846310978,"stop":1733846320937,"duration":9959}},{"uid":"9bc33a62dde14f3b","status":"broken","statusDetails":"Unresolved compilation problem: \n\tAssert cannot be resolved\n","time":{"start":1733845954537,"stop":1733845968350,"duration":13813}},{"uid":"ec468b582c887e39","status":"passed","time":{"start":1733684800837,"stop":1733684810525,"duration":9688}},{"uid":"fc5620536b963895","status":"passed","time":{"start":1733481292614,"stop":1733481298004,"duration":5390}}],"categories":[{"name":"Test defects","matchedStatuses":[],"flaky":false}],"tags":[]},"source":"5d566f29ecf0b868.json","parameterValues":["NonExistentProduct"]}