{"uid":"5f94d0013e9a93f4","name":"Seccessuful search for an existing product","fullName":"src/test/resources/features/AddCard.feature:24","historyId":"3eaf4d5f11b958bf74d9feec643b45d3","time":{"start":1733933091179,"stop":1733933092894,"duration":1715},"status":"broken","statusMessage":"Could not start a new session. Response code 500. Message: session not created: This version of ChromeDriver only supports Chrome version 130\nCurrent browser version is 129.0.6668.71 with binary path C:\\Users\\user\\AppData\\Local\\Google\\Chrome\\Application\\chrome.exe \nHost info: host: 'DESKTOP-TA2JTMN', ip: '192.168.1.68'\nBuild info: version: '4.25.0', revision: '8a8aea2337'\nSystem info: os.name: 'Windows 11', os.arch: 'amd64', os.version: '10.0', java.version: '17.0.11'\nDriver info: org.openqa.selenium.chrome.ChromeDriver\nCommand: [null, newSession {capabilities=[Capabilities {browserName: chrome, goog:chromeOptions: {args: [], binary: C:\\Users\\user\\AppData\\Local..., extensions: []}}]}]","statusTrace":"org.openqa.selenium.SessionNotCreatedException: Could not start a new session. Response code 500. Message: session not created: This version of ChromeDriver only supports Chrome version 130\nCurrent browser version is 129.0.6668.71 with binary path C:\\Users\\user\\AppData\\Local\\Google\\Chrome\\Application\\chrome.exe \nHost info: host: 'DESKTOP-TA2JTMN', ip: '192.168.1.68'\nBuild info: version: '4.25.0', revision: '8a8aea2337'\nSystem info: os.name: 'Windows 11', os.arch: 'amd64', os.version: '10.0', java.version: '17.0.11'\nDriver info: org.openqa.selenium.chrome.ChromeDriver\nCommand: [null, newSession {capabilities=[Capabilities {browserName: chrome, goog:chromeOptions: {args: [], binary: C:\\Users\\user\\AppData\\Local..., extensions: []}}]}]\r\n\tat org.openqa.selenium.remote.ProtocolHandshake.createSession(ProtocolHandshake.java:114)\r\n\tat org.openqa.selenium.remote.ProtocolHandshake.createSession(ProtocolHandshake.java:75)\r\n\tat org.openqa.selenium.remote.ProtocolHandshake.createSession(ProtocolHandshake.java:61)\r\n\tat org.openqa.selenium.remote.HttpCommandExecutor.execute(HttpCommandExecutor.java:162)\r\n\tat org.openqa.selenium.remote.service.DriverCommandExecutor.invokeExecute(DriverCommandExecutor.java:216)\r\n\tat org.openqa.selenium.remote.service.DriverCommandExecutor.execute(DriverCommandExecutor.java:174)\r\n\tat org.openqa.selenium.remote.RemoteWebDriver.execute(RemoteWebDriver.java:545)\r\n\tat org.openqa.selenium.remote.RemoteWebDriver.startSession(RemoteWebDriver.java:245)\r\n\tat org.openqa.selenium.remote.RemoteWebDriver.<init>(RemoteWebDriver.java:174)\r\n\tat org.openqa.selenium.chromium.ChromiumDriver.<init>(ChromiumDriver.java:114)\r\n\tat org.openqa.selenium.chrome.ChromeDriver.<init>(ChromeDriver.java:88)\r\n\tat org.openqa.selenium.chrome.ChromeDriver.<init>(ChromeDriver.java:83)\r\n\tat org.openqa.selenium.chrome.ChromeDriver.<init>(ChromeDriver.java:51)\r\n\tat com.basepage.BasePage.setDriver(BasePage.java:21)\r\n\tat com.stepDefinition.AddCardSteps.user_logged_and_valid_password(AddCardSteps.java:48)\r\n\tat ✽.User logged \"test-123@yopmail.com\" and valid password \"Sssafa199**\"(file:///C:/Users/user/eclipseworkspace/ShopBDDweb/src/test/resources/features/AddCard.feature:17)\r\n","flaky":false,"newFailed":false,"newBroken":false,"newPassed":false,"retriesCount":0,"retriesStatusChange":false,"beforeStages":[],"testStage":{"status":"broken","statusMessage":"Could not start a new session. Response code 500. Message: session not created: This version of ChromeDriver only supports Chrome version 130\nCurrent browser version is 129.0.6668.71 with binary path C:\\Users\\user\\AppData\\Local\\Google\\Chrome\\Application\\chrome.exe \nHost info: host: 'DESKTOP-TA2JTMN', ip: '192.168.1.68'\nBuild info: version: '4.25.0', revision: '8a8aea2337'\nSystem info: os.name: 'Windows 11', os.arch: 'amd64', os.version: '10.0', java.version: '17.0.11'\nDriver info: org.openqa.selenium.chrome.ChromeDriver\nCommand: [null, newSession {capabilities=[Capabilities {browserName: chrome, goog:chromeOptions: {args: [], binary: C:\\Users\\user\\AppData\\Local..., extensions: []}}]}]","statusTrace":"org.openqa.selenium.SessionNotCreatedException: Could not start a new session. Response code 500. Message: session not created: This version of ChromeDriver only supports Chrome version 130\nCurrent browser version is 129.0.6668.71 with binary path C:\\Users\\user\\AppData\\Local\\Google\\Chrome\\Application\\chrome.exe \nHost info: host: 'DESKTOP-TA2JTMN', ip: '192.168.1.68'\nBuild info: version: '4.25.0', revision: '8a8aea2337'\nSystem info: os.name: 'Windows 11', os.arch: 'amd64', os.version: '10.0', java.version: '17.0.11'\nDriver info: org.openqa.selenium.chrome.ChromeDriver\nCommand: [null, newSession {capabilities=[Capabilities {browserName: chrome, goog:chromeOptions: {args: [], binary: C:\\Users\\user\\AppData\\Local..., extensions: []}}]}]\r\n\tat org.openqa.selenium.remote.ProtocolHandshake.createSession(ProtocolHandshake.java:114)\r\n\tat org.openqa.selenium.remote.ProtocolHandshake.createSession(ProtocolHandshake.java:75)\r\n\tat org.openqa.selenium.remote.ProtocolHandshake.createSession(ProtocolHandshake.java:61)\r\n\tat org.openqa.selenium.remote.HttpCommandExecutor.execute(HttpCommandExecutor.java:162)\r\n\tat org.openqa.selenium.remote.service.DriverCommandExecutor.invokeExecute(DriverCommandExecutor.java:216)\r\n\tat org.openqa.selenium.remote.service.DriverCommandExecutor.execute(DriverCommandExecutor.java:174)\r\n\tat org.openqa.selenium.remote.RemoteWebDriver.execute(RemoteWebDriver.java:545)\r\n\tat org.openqa.selenium.remote.RemoteWebDriver.startSession(RemoteWebDriver.java:245)\r\n\tat org.openqa.selenium.remote.RemoteWebDriver.<init>(RemoteWebDriver.java:174)\r\n\tat org.openqa.selenium.chromium.ChromiumDriver.<init>(ChromiumDriver.java:114)\r\n\tat org.openqa.selenium.chrome.ChromeDriver.<init>(ChromeDriver.java:88)\r\n\tat org.openqa.selenium.chrome.ChromeDriver.<init>(ChromeDriver.java:83)\r\n\tat org.openqa.selenium.chrome.ChromeDriver.<init>(ChromeDriver.java:51)\r\n\tat com.basepage.BasePage.setDriver(BasePage.java:21)\r\n\tat com.stepDefinition.AddCardSteps.user_logged_and_valid_password(AddCardSteps.java:48)\r\n\tat ✽.User logged \"test-123@yopmail.com\" and valid password \"Sssafa199**\"(file:///C:/Users/user/eclipseworkspace/ShopBDDweb/src/test/resources/features/AddCard.feature:17)\r\n","steps":[{"name":"Given User logged \"test-123@yopmail.com\" and valid password \"Sssafa199**\"","time":{"start":1733933091180,"stop":1733933092890,"duration":1710},"status":"broken","statusMessage":"Could not start a new session. Response code 500. Message: session not created: This version of ChromeDriver only supports Chrome version 130\nCurrent browser version is 129.0.6668.71 with binary path C:\\Users\\user\\AppData\\Local\\Google\\Chrome\\Application\\chrome.exe \nHost info: host: 'DESKTOP-TA2JTMN', ip: '192.168.1.68'\nBuild info: version: '4.25.0', revision: '8a8aea2337'\nSystem info: os.name: 'Windows 11', os.arch: 'amd64', os.version: '10.0', java.version: '17.0.11'\nDriver info: org.openqa.selenium.chrome.ChromeDriver\nCommand: [null, newSession {capabilities=[Capabilities {browserName: chrome, goog:chromeOptions: {args: [], binary: C:\\Users\\user\\AppData\\Local..., extensions: []}}]}]","statusTrace":"org.openqa.selenium.SessionNotCreatedException: Could not start a new session. Response code 500. Message: session not created: This version of ChromeDriver only supports Chrome version 130\nCurrent browser version is 129.0.6668.71 with binary path C:\\Users\\user\\AppData\\Local\\Google\\Chrome\\Application\\chrome.exe \nHost info: host: 'DESKTOP-TA2JTMN', ip: '192.168.1.68'\nBuild info: version: '4.25.0', revision: '8a8aea2337'\nSystem info: os.name: 'Windows 11', os.arch: 'amd64', os.version: '10.0', java.version: '17.0.11'\nDriver info: org.openqa.selenium.chrome.ChromeDriver\nCommand: [null, newSession {capabilities=[Capabilities {browserName: chrome, goog:chromeOptions: {args: [], binary: C:\\Users\\user\\AppData\\Local..., extensions: []}}]}]\r\n\tat org.openqa.selenium.remote.ProtocolHandshake.createSession(ProtocolHandshake.java:114)\r\n\tat org.openqa.selenium.remote.ProtocolHandshake.createSession(ProtocolHandshake.java:75)\r\n\tat org.openqa.selenium.remote.ProtocolHandshake.createSession(ProtocolHandshake.java:61)\r\n\tat org.openqa.selenium.remote.HttpCommandExecutor.execute(HttpCommandExecutor.java:162)\r\n\tat org.openqa.selenium.remote.service.DriverCommandExecutor.invokeExecute(DriverCommandExecutor.java:216)\r\n\tat org.openqa.selenium.remote.service.DriverCommandExecutor.execute(DriverCommandExecutor.java:174)\r\n\tat org.openqa.selenium.remote.RemoteWebDriver.execute(RemoteWebDriver.java:545)\r\n\tat org.openqa.selenium.remote.RemoteWebDriver.startSession(RemoteWebDriver.java:245)\r\n\tat org.openqa.selenium.remote.RemoteWebDriver.<init>(RemoteWebDriver.java:174)\r\n\tat org.openqa.selenium.chromium.ChromiumDriver.<init>(ChromiumDriver.java:114)\r\n\tat org.openqa.selenium.chrome.ChromeDriver.<init>(ChromeDriver.java:88)\r\n\tat org.openqa.selenium.chrome.ChromeDriver.<init>(ChromeDriver.java:83)\r\n\tat org.openqa.selenium.chrome.ChromeDriver.<init>(ChromeDriver.java:51)\r\n\tat com.basepage.BasePage.setDriver(BasePage.java:21)\r\n\tat com.stepDefinition.AddCardSteps.user_logged_and_valid_password(AddCardSteps.java:48)\r\n\tat ✽.User logged \"test-123@yopmail.com\" and valid password \"Sssafa199**\"(file:///C:/Users/user/eclipseworkspace/ShopBDDweb/src/test/resources/features/AddCard.feature:17)\r\n","steps":[],"attachments":[],"parameters":[],"shouldDisplayMessage":true,"attachmentsCount":0,"hasContent":true,"stepsCount":0,"attachmentStep":false},{"name":"When User enters name product \"HP LP3065\" into the search bar","time":{"start":1733933092892,"stop":1733933092892,"duration":0},"status":"skipped","steps":[],"attachments":[],"parameters":[],"shouldDisplayMessage":false,"attachmentsCount":0,"hasContent":false,"stepsCount":0,"attachmentStep":false},{"name":"And User click on the search button","time":{"start":1733933092893,"stop":1733933092893,"duration":0},"status":"skipped","steps":[],"attachments":[],"parameters":[],"shouldDisplayMessage":false,"attachmentsCount":0,"hasContent":false,"stepsCount":0,"attachmentStep":false},{"name":"Then User should see a list of product containing \"HP LP3065\"","time":{"start":1733933092893,"stop":1733933092893,"duration":0},"status":"skipped","steps":[],"attachments":[],"parameters":[],"shouldDisplayMessage":false,"attachmentsCount":0,"hasContent":false,"stepsCount":0,"attachmentStep":false}],"attachments":[],"parameters":[],"shouldDisplayMessage":false,"attachmentsCount":0,"hasContent":true,"stepsCount":4,"attachmentStep":false},"afterStages":[],"labels":[{"name":"host","value":"DESKTOP-TA2JTMN"},{"name":"thread","value":"16972@DESKTOP-TA2JTMN.main(1)"},{"name":"feature","value":"Search and Add and Delete product to the cart"},{"name":"story","value":"Seccessuful search for an existing product"},{"name":"suite","value":"Search and Add and Delete product to the cart"},{"name":"testClass","value":"Seccessuful search for an existing product"},{"name":"framework","value":"cucumber4jvm"},{"name":"language","value":"java"},{"name":"gherkin_uri","value":"file:///C:/Users/user/eclipseworkspace/ShopBDDweb/src/test/resources/features/AddCard.feature"},{"name":"package","value":"src.test.resources.features.AddCard_feature.Search and Add and Delete product to the cart"},{"name":"resultFormat","value":"allure2"}],"parameters":[{"name":"email","value":"test-123@yopmail.com"},{"name":"password","value":"Sssafa199**"},{"name":"product","value":"HP LP3065"}],"links":[],"hidden":true,"retry":true,"extra":{"categories":[],"tags":[]},"source":"5f94d0013e9a93f4.json","parameterValues":["test-123@yopmail.com","Sssafa199**","HP LP3065"]}