{"uid":"8b07b5f45e53f205","name":"Delet product to page card shoping","fullName":"src/test/resources/features/AddCard.feature:54","historyId":"7a2674d5c650403c117e0cccce6399d0","time":{"start":1733933093006,"stop":1733933093012,"duration":6},"status":"broken","statusMessage":"Cannot invoke \"org.openqa.selenium.WebDriver.findElement(org.openqa.selenium.By)\" because \"this.driver\" is null","statusTrace":"java.lang.NullPointerException: Cannot invoke \"org.openqa.selenium.WebDriver.findElement(org.openqa.selenium.By)\" because \"this.driver\" is null\r\n\tat com.pageobject.AddCardPage.deletQteCard(AddCardPage.java:129)\r\n\tat com.stepDefinition.AddCardSteps.user_click_on_the_button_deleted(AddCardSteps.java:125)\r\n\tat ✽.User click on the button deleted(file:///C:/Users/user/eclipseworkspace/ShopBDDweb/src/test/resources/features/AddCard.feature:50)\r\n","flaky":false,"newFailed":false,"newBroken":false,"newPassed":false,"retriesCount":11,"retriesStatusChange":true,"beforeStages":[],"testStage":{"status":"broken","statusMessage":"Cannot invoke \"org.openqa.selenium.WebDriver.findElement(org.openqa.selenium.By)\" because \"this.driver\" is null","statusTrace":"java.lang.NullPointerException: Cannot invoke \"org.openqa.selenium.WebDriver.findElement(org.openqa.selenium.By)\" because \"this.driver\" is null\r\n\tat com.pageobject.AddCardPage.deletQteCard(AddCardPage.java:129)\r\n\tat com.stepDefinition.AddCardSteps.user_click_on_the_button_deleted(AddCardSteps.java:125)\r\n\tat ✽.User click on the button deleted(file:///C:/Users/user/eclipseworkspace/ShopBDDweb/src/test/resources/features/AddCard.feature:50)\r\n","steps":[{"name":"Given User in the page card shop","time":{"start":1733933093006,"stop":1733933093007,"duration":1},"status":"passed","steps":[],"attachments":[],"parameters":[],"shouldDisplayMessage":false,"attachmentsCount":0,"attachmentStep":false,"hasContent":false,"stepsCount":0},{"name":"When User click on the button deleted","time":{"start":1733933093008,"stop":1733933093009,"duration":1},"status":"broken","statusMessage":"Cannot invoke \"org.openqa.selenium.WebDriver.findElement(org.openqa.selenium.By)\" because \"this.driver\" is null","statusTrace":"java.lang.NullPointerException: Cannot invoke \"org.openqa.selenium.WebDriver.findElement(org.openqa.selenium.By)\" because \"this.driver\" is null\r\n\tat com.pageobject.AddCardPage.deletQteCard(AddCardPage.java:129)\r\n\tat com.stepDefinition.AddCardSteps.user_click_on_the_button_deleted(AddCardSteps.java:125)\r\n\tat ✽.User click on the button deleted(file:///C:/Users/user/eclipseworkspace/ShopBDDweb/src/test/resources/features/AddCard.feature:50)\r\n","steps":[],"attachments":[],"parameters":[],"shouldDisplayMessage":true,"attachmentsCount":0,"attachmentStep":false,"hasContent":true,"stepsCount":0},{"name":"Then User dont have product \"HP LP3065\" on the page","time":{"start":1733933093009,"stop":1733933093010,"duration":1},"status":"skipped","steps":[],"attachments":[],"parameters":[],"shouldDisplayMessage":false,"attachmentsCount":0,"attachmentStep":false,"hasContent":false,"stepsCount":0}],"attachments":[],"parameters":[],"shouldDisplayMessage":false,"attachmentsCount":0,"attachmentStep":false,"hasContent":true,"stepsCount":3},"afterStages":[],"labels":[{"name":"host","value":"DESKTOP-TA2JTMN"},{"name":"thread","value":"16972@DESKTOP-TA2JTMN.main(1)"},{"name":"feature","value":"Search and Add and Delete product to the cart"},{"name":"story","value":"Delet product to page card shoping"},{"name":"suite","value":"Search and Add and Delete product to the cart"},{"name":"testClass","value":"Delet product to page card shoping"},{"name":"framework","value":"cucumber4jvm"},{"name":"language","value":"java"},{"name":"gherkin_uri","value":"file:///C:/Users/user/eclipseworkspace/ShopBDDweb/src/test/resources/features/AddCard.feature"},{"name":"package","value":"src.test.resources.features.AddCard_feature.Search and Add and Delete product to the cart"},{"name":"resultFormat","value":"allure2"}],"parameters":[{"name":"nomproduct","value":"HP LP3065"}],"links":[],"hidden":false,"retry":false,"extra":{"severity":"normal","retries":[{"uid":"93edd3ce4077ff50","status":"passed","time":{"start":1733927122309,"stop":1733927123191,"duration":882}},{"uid":"ed4afdf3ebf6f262","status":"broken","statusDetails":"Error communicating with the remote browser. It may have died.\nBuild info: version: '4.25.0', revision: '8a8aea2337'\nSystem info: os.name: 'Windows 11', os.arch: 'amd64', os.version: '10.0', java.version: '17.0.11'\nDriver info: org.openqa.selenium.chrome.ChromeDriver\nCommand: [f7528d0a644e74da1afd509e144050d6, findElement [using, value]]\nCapabilities {acceptInsecureCerts: false, browserName: chrome, browserVersion: 129.0.6668.71, chrome: {chromedriverVersion: 129.0.6668.91 (b00bc8b76d60..., userDataDir: C:\\Users\\user\\AppData\\Local...}, fedcm:accounts: true, goog:chromeOptions: {debuggerAddress: localhost:50972}, networkConnectionEnabled: false, pageLoadStrategy: normal, platformName: windows, proxy: Proxy(), se:cdp: ws://localhost:50972/devtoo..., se:cdpVersion: 129.0.6668.71, setWindowRect: true, strictFileInteractability: false, timeouts: {implicit: 0, pageLoad: 300000, script: 30000}, unhandledPromptBehavior: dismiss and notify, webauthn:extension:credBlob: true, webauthn:extension:largeBlob: true, webauthn:extension:minPinLength: true, webauthn:extension:prf: true, webauthn:virtualAuthenticators: true}\nSession ID: f7528d0a644e74da1afd509e144050d6","time":{"start":1733854832990,"stop":1733854833007,"duration":17}},{"uid":"467ff79c1a971b5b","status":"passed","time":{"start":1733854072310,"stop":1733854073136,"duration":826}},{"uid":"705244d84281bc16","status":"passed","time":{"start":1733853766639,"stop":1733853767524,"duration":885}},{"uid":"8ba9583c1bd2911e","status":"broken","statusDetails":"Cannot invoke \"org.openqa.selenium.WebDriver.findElement(org.openqa.selenium.By)\" because \"this.driver\" is null","time":{"start":1733853202850,"stop":1733853202850,"duration":0}},{"uid":"565e6a1579a4d990","status":"passed","time":{"start":1733852873172,"stop":1733852873784,"duration":612}},{"uid":"d67999c64715dbce","status":"passed","time":{"start":1733847114737,"stop":1733847115601,"duration":864}},{"uid":"966222c1d058b2fe","status":"passed","time":{"start":1733846389882,"stop":1733846390557,"duration":675}},{"uid":"406962dc464a112b","status":"broken","statusDetails":"Unresolved compilation problem: \n\tAssert cannot be resolved\n","time":{"start":1733845989240,"stop":1733845989339,"duration":99}},{"uid":"abb54eb2629f5c45","status":"passed","time":{"start":1733684823296,"stop":1733684823888,"duration":592}},{"uid":"90009d170b8f4e59","status":"passed","time":{"start":1733481312521,"stop":1733481313415,"duration":894}}],"categories":[{"name":"Test defects","matchedStatuses":[],"flaky":false}],"tags":[]},"source":"8b07b5f45e53f205.json","parameterValues":["HP LP3065"]}