{"uid":"a09d084a07790c2f","name":"Login with invalid credential","fullName":"src/test/resources/features/Login.feature:12","historyId":"1542933abbb231c5764e13ad588bd22","time":{"start":1733933070815,"stop":1733933074441,"duration":3626},"status":"broken","statusMessage":"Could not start a new session. Response code 500. Message: session not created: This version of ChromeDriver only supports Chrome version 130\nCurrent browser version is 129.0.6668.71 with binary path C:\\Users\\user\\AppData\\Local\\Google\\Chrome\\Application\\chrome.exe \nHost info: host: 'DESKTOP-TA2JTMN', ip: '192.168.1.68'\nBuild info: version: '4.25.0', revision: '8a8aea2337'\nSystem info: os.name: 'Windows 11', os.arch: 'amd64', os.version: '10.0', java.version: '17.0.11'\nDriver info: org.openqa.selenium.chrome.ChromeDriver\nCommand: [null, newSession {capabilities=[Capabilities {browserName: chrome, goog:chromeOptions: {args: [], binary: C:\\Users\\user\\AppData\\Local..., extensions: []}}]}]","statusTrace":"org.openqa.selenium.SessionNotCreatedException: Could not start a new session. Response code 500. Message: session not created: This version of ChromeDriver only supports Chrome version 130\nCurrent browser version is 129.0.6668.71 with binary path C:\\Users\\user\\AppData\\Local\\Google\\Chrome\\Application\\chrome.exe \nHost info: host: 'DESKTOP-TA2JTMN', ip: '192.168.1.68'\nBuild info: version: '4.25.0', revision: '8a8aea2337'\nSystem info: os.name: 'Windows 11', os.arch: 'amd64', os.version: '10.0', java.version: '17.0.11'\nDriver info: org.openqa.selenium.chrome.ChromeDriver\nCommand: [null, newSession {capabilities=[Capabilities {browserName: chrome, goog:chromeOptions: {args: [], binary: C:\\Users\\user\\AppData\\Local..., extensions: []}}]}]\r\n\tat org.openqa.selenium.remote.ProtocolHandshake.createSession(ProtocolHandshake.java:114)\r\n\tat org.openqa.selenium.remote.ProtocolHandshake.createSession(ProtocolHandshake.java:75)\r\n\tat org.openqa.selenium.remote.ProtocolHandshake.createSession(ProtocolHandshake.java:61)\r\n\tat org.openqa.selenium.remote.HttpCommandExecutor.execute(HttpCommandExecutor.java:162)\r\n\tat org.openqa.selenium.remote.service.DriverCommandExecutor.invokeExecute(DriverCommandExecutor.java:216)\r\n\tat org.openqa.selenium.remote.service.DriverCommandExecutor.execute(DriverCommandExecutor.java:174)\r\n\tat org.openqa.selenium.remote.RemoteWebDriver.execute(RemoteWebDriver.java:545)\r\n\tat org.openqa.selenium.remote.RemoteWebDriver.startSession(RemoteWebDriver.java:245)\r\n\tat org.openqa.selenium.remote.RemoteWebDriver.<init>(RemoteWebDriver.java:174)\r\n\tat org.openqa.selenium.chromium.ChromiumDriver.<init>(ChromiumDriver.java:114)\r\n\tat org.openqa.selenium.chrome.ChromeDriver.<init>(ChromeDriver.java:88)\r\n\tat org.openqa.selenium.chrome.ChromeDriver.<init>(ChromeDriver.java:83)\r\n\tat org.openqa.selenium.chrome.ChromeDriver.<init>(ChromeDriver.java:51)\r\n\tat com.basepage.BasePage.setDriver(BasePage.java:21)\r\n\tat com.stepDefinition.LoginSteps.user_open_browser(LoginSteps.java:20)\r\n\tat ✽.User open browser(file:///C:/Users/user/eclipseworkspace/ShopBDDweb/src/test/resources/features/Login.feature:5)\r\n","flaky":false,"newFailed":false,"newBroken":false,"newPassed":false,"retriesCount":0,"retriesStatusChange":false,"beforeStages":[],"testStage":{"status":"broken","statusMessage":"Could not start a new session. Response code 500. Message: session not created: This version of ChromeDriver only supports Chrome version 130\nCurrent browser version is 129.0.6668.71 with binary path C:\\Users\\user\\AppData\\Local\\Google\\Chrome\\Application\\chrome.exe \nHost info: host: 'DESKTOP-TA2JTMN', ip: '192.168.1.68'\nBuild info: version: '4.25.0', revision: '8a8aea2337'\nSystem info: os.name: 'Windows 11', os.arch: 'amd64', os.version: '10.0', java.version: '17.0.11'\nDriver info: org.openqa.selenium.chrome.ChromeDriver\nCommand: [null, newSession {capabilities=[Capabilities {browserName: chrome, goog:chromeOptions: {args: [], binary: C:\\Users\\user\\AppData\\Local..., extensions: []}}]}]","statusTrace":"org.openqa.selenium.SessionNotCreatedException: Could not start a new session. Response code 500. Message: session not created: This version of ChromeDriver only supports Chrome version 130\nCurrent browser version is 129.0.6668.71 with binary path C:\\Users\\user\\AppData\\Local\\Google\\Chrome\\Application\\chrome.exe \nHost info: host: 'DESKTOP-TA2JTMN', ip: '192.168.1.68'\nBuild info: version: '4.25.0', revision: '8a8aea2337'\nSystem info: os.name: 'Windows 11', os.arch: 'amd64', os.version: '10.0', java.version: '17.0.11'\nDriver info: org.openqa.selenium.chrome.ChromeDriver\nCommand: [null, newSession {capabilities=[Capabilities {browserName: chrome, goog:chromeOptions: {args: [], binary: C:\\Users\\user\\AppData\\Local..., extensions: []}}]}]\r\n\tat org.openqa.selenium.remote.ProtocolHandshake.createSession(ProtocolHandshake.java:114)\r\n\tat org.openqa.selenium.remote.ProtocolHandshake.createSession(ProtocolHandshake.java:75)\r\n\tat org.openqa.selenium.remote.ProtocolHandshake.createSession(ProtocolHandshake.java:61)\r\n\tat org.openqa.selenium.remote.HttpCommandExecutor.execute(HttpCommandExecutor.java:162)\r\n\tat org.openqa.selenium.remote.service.DriverCommandExecutor.invokeExecute(DriverCommandExecutor.java:216)\r\n\tat org.openqa.selenium.remote.service.DriverCommandExecutor.execute(DriverCommandExecutor.java:174)\r\n\tat org.openqa.selenium.remote.RemoteWebDriver.execute(RemoteWebDriver.java:545)\r\n\tat org.openqa.selenium.remote.RemoteWebDriver.startSession(RemoteWebDriver.java:245)\r\n\tat org.openqa.selenium.remote.RemoteWebDriver.<init>(RemoteWebDriver.java:174)\r\n\tat org.openqa.selenium.chromium.ChromiumDriver.<init>(ChromiumDriver.java:114)\r\n\tat org.openqa.selenium.chrome.ChromeDriver.<init>(ChromeDriver.java:88)\r\n\tat org.openqa.selenium.chrome.ChromeDriver.<init>(ChromeDriver.java:83)\r\n\tat org.openqa.selenium.chrome.ChromeDriver.<init>(ChromeDriver.java:51)\r\n\tat com.basepage.BasePage.setDriver(BasePage.java:21)\r\n\tat com.stepDefinition.LoginSteps.user_open_browser(LoginSteps.java:20)\r\n\tat ✽.User open browser(file:///C:/Users/user/eclipseworkspace/ShopBDDweb/src/test/resources/features/Login.feature:5)\r\n","steps":[{"name":"Given User open browser","time":{"start":1733933070817,"stop":1733933074417,"duration":3600},"status":"broken","statusMessage":"Could not start a new session. Response code 500. Message: session not created: This version of ChromeDriver only supports Chrome version 130\nCurrent browser version is 129.0.6668.71 with binary path C:\\Users\\user\\AppData\\Local\\Google\\Chrome\\Application\\chrome.exe \nHost info: host: 'DESKTOP-TA2JTMN', ip: '192.168.1.68'\nBuild info: version: '4.25.0', revision: '8a8aea2337'\nSystem info: os.name: 'Windows 11', os.arch: 'amd64', os.version: '10.0', java.version: '17.0.11'\nDriver info: org.openqa.selenium.chrome.ChromeDriver\nCommand: [null, newSession {capabilities=[Capabilities {browserName: chrome, goog:chromeOptions: {args: [], binary: C:\\Users\\user\\AppData\\Local..., extensions: []}}]}]","statusTrace":"org.openqa.selenium.SessionNotCreatedException: Could not start a new session. Response code 500. Message: session not created: This version of ChromeDriver only supports Chrome version 130\nCurrent browser version is 129.0.6668.71 with binary path C:\\Users\\user\\AppData\\Local\\Google\\Chrome\\Application\\chrome.exe \nHost info: host: 'DESKTOP-TA2JTMN', ip: '192.168.1.68'\nBuild info: version: '4.25.0', revision: '8a8aea2337'\nSystem info: os.name: 'Windows 11', os.arch: 'amd64', os.version: '10.0', java.version: '17.0.11'\nDriver info: org.openqa.selenium.chrome.ChromeDriver\nCommand: [null, newSession {capabilities=[Capabilities {browserName: chrome, goog:chromeOptions: {args: [], binary: C:\\Users\\user\\AppData\\Local..., extensions: []}}]}]\r\n\tat org.openqa.selenium.remote.ProtocolHandshake.createSession(ProtocolHandshake.java:114)\r\n\tat org.openqa.selenium.remote.ProtocolHandshake.createSession(ProtocolHandshake.java:75)\r\n\tat org.openqa.selenium.remote.ProtocolHandshake.createSession(ProtocolHandshake.java:61)\r\n\tat org.openqa.selenium.remote.HttpCommandExecutor.execute(HttpCommandExecutor.java:162)\r\n\tat org.openqa.selenium.remote.service.DriverCommandExecutor.invokeExecute(DriverCommandExecutor.java:216)\r\n\tat org.openqa.selenium.remote.service.DriverCommandExecutor.execute(DriverCommandExecutor.java:174)\r\n\tat org.openqa.selenium.remote.RemoteWebDriver.execute(RemoteWebDriver.java:545)\r\n\tat org.openqa.selenium.remote.RemoteWebDriver.startSession(RemoteWebDriver.java:245)\r\n\tat org.openqa.selenium.remote.RemoteWebDriver.<init>(RemoteWebDriver.java:174)\r\n\tat org.openqa.selenium.chromium.ChromiumDriver.<init>(ChromiumDriver.java:114)\r\n\tat org.openqa.selenium.chrome.ChromeDriver.<init>(ChromeDriver.java:88)\r\n\tat org.openqa.selenium.chrome.ChromeDriver.<init>(ChromeDriver.java:83)\r\n\tat org.openqa.selenium.chrome.ChromeDriver.<init>(ChromeDriver.java:51)\r\n\tat com.basepage.BasePage.setDriver(BasePage.java:21)\r\n\tat com.stepDefinition.LoginSteps.user_open_browser(LoginSteps.java:20)\r\n\tat ✽.User open browser(file:///C:/Users/user/eclipseworkspace/ShopBDDweb/src/test/resources/features/Login.feature:5)\r\n","steps":[],"attachments":[],"parameters":[],"shouldDisplayMessage":true,"attachmentsCount":0,"hasContent":true,"stepsCount":0,"attachmentStep":false},{"name":"When User enters invalid email \"test1230@yopmail.com\" and valid password \"123456789\"","time":{"start":1733933074420,"stop":1733933074423,"duration":3},"status":"skipped","steps":[],"attachments":[],"parameters":[],"shouldDisplayMessage":false,"attachmentsCount":0,"hasContent":false,"stepsCount":0,"attachmentStep":false},{"name":"And User click button login","time":{"start":1733933074424,"stop":1733933074425,"duration":1},"status":"skipped","steps":[],"attachments":[],"parameters":[],"shouldDisplayMessage":false,"attachmentsCount":0,"hasContent":false,"stepsCount":0,"attachmentStep":false},{"name":"Then login should be failed with an error \"Warning: No match for E-Mail Address and/or Password.\"","time":{"start":1733933074425,"stop":1733933074426,"duration":1},"status":"skipped","steps":[],"attachments":[],"parameters":[],"shouldDisplayMessage":false,"attachmentsCount":0,"hasContent":false,"stepsCount":0,"attachmentStep":false}],"attachments":[],"parameters":[],"shouldDisplayMessage":false,"attachmentsCount":0,"hasContent":true,"stepsCount":4,"attachmentStep":false},"afterStages":[],"labels":[{"name":"host","value":"DESKTOP-TA2JTMN"},{"name":"thread","value":"17052@DESKTOP-TA2JTMN.main(1)"},{"name":"feature","value":"Test Login User"},{"name":"story","value":"Login with invalid credential"},{"name":"suite","value":"Test Login User"},{"name":"testClass","value":"Login with invalid credential"},{"name":"framework","value":"cucumber4jvm"},{"name":"language","value":"java"},{"name":"gherkin_uri","value":"file:///C:/Users/user/eclipseworkspace/ShopBDDweb/src/test/resources/features/Login.feature"},{"name":"package","value":"src.test.resources.features.Login_feature.Test Login User"},{"name":"resultFormat","value":"allure2"}],"parameters":[{"name":"email","value":"test1230@yopmail.com"},{"name":"error","value":"Warning: No match for E-Mail Address and/or Password."},{"name":"password","value":"123456789"}],"links":[],"hidden":true,"retry":true,"extra":{"categories":[],"tags":[]},"source":"a09d084a07790c2f.json","parameterValues":["test1230@yopmail.com","Warning: No match for E-Mail Address and/or Password.","123456789"]}