{"uid":"e85c6e09760035f5","name":"Seccessuful search for an existing product","fullName":"src/test/resources/features/AddCard.feature:24","historyId":"3eaf4d5f11b958bf74d9feec643b45d3","time":{"start":1733933091179,"stop":1733933092894,"duration":1715},"status":"broken","statusMessage":"Could not start a new session. Response code 500. Message: session not created: This version of ChromeDriver only supports Chrome version 130\nCurrent browser version is 129.0.6668.71 with binary path C:\\Users\\user\\AppData\\Local\\Google\\Chrome\\Application\\chrome.exe \nHost info: host: 'DESKTOP-TA2JTMN', ip: '192.168.1.68'\nBuild info: version: '4.25.0', revision: '8a8aea2337'\nSystem info: os.name: 'Windows 11', os.arch: 'amd64', os.version: '10.0', java.version: '17.0.11'\nDriver info: org.openqa.selenium.chrome.ChromeDriver\nCommand: [null, newSession {capabilities=[Capabilities {browserName: chrome, goog:chromeOptions: {args: [], binary: C:\\Users\\user\\AppData\\Local..., extensions: []}}]}]","statusTrace":"org.openqa.selenium.SessionNotCreatedException: Could not start a new session. Response code 500. Message: session not created: This version of ChromeDriver only supports Chrome version 130\nCurrent browser version is 129.0.6668.71 with binary path C:\\Users\\user\\AppData\\Local\\Google\\Chrome\\Application\\chrome.exe \nHost info: host: 'DESKTOP-TA2JTMN', ip: '192.168.1.68'\nBuild info: version: '4.25.0', revision: '8a8aea2337'\nSystem info: os.name: 'Windows 11', os.arch: 'amd64', os.version: '10.0', java.version: '17.0.11'\nDriver info: org.openqa.selenium.chrome.ChromeDriver\nCommand: [null, newSession {capabilities=[Capabilities {browserName: chrome, goog:chromeOptions: {args: [], binary: C:\\Users\\user\\AppData\\Local..., extensions: []}}]}]\r\n\tat org.openqa.selenium.remote.ProtocolHandshake.createSession(ProtocolHandshake.java:114)\r\n\tat org.openqa.selenium.remote.ProtocolHandshake.createSession(ProtocolHandshake.java:75)\r\n\tat org.openqa.selenium.remote.ProtocolHandshake.createSession(ProtocolHandshake.java:61)\r\n\tat org.openqa.selenium.remote.HttpCommandExecutor.execute(HttpCommandExecutor.java:162)\r\n\tat org.openqa.selenium.remote.service.DriverCommandExecutor.invokeExecute(DriverCommandExecutor.java:216)\r\n\tat org.openqa.selenium.remote.service.DriverCommandExecutor.execute(DriverCommandExecutor.java:174)\r\n\tat org.openqa.selenium.remote.RemoteWebDriver.execute(RemoteWebDriver.java:545)\r\n\tat org.openqa.selenium.remote.RemoteWebDriver.startSession(RemoteWebDriver.java:245)\r\n\tat org.openqa.selenium.remote.RemoteWebDriver.<init>(RemoteWebDriver.java:174)\r\n\tat org.openqa.selenium.chromium.ChromiumDriver.<init>(ChromiumDriver.java:114)\r\n\tat org.openqa.selenium.chrome.ChromeDriver.<init>(ChromeDriver.java:88)\r\n\tat org.openqa.selenium.chrome.ChromeDriver.<init>(ChromeDriver.java:83)\r\n\tat org.openqa.selenium.chrome.ChromeDriver.<init>(ChromeDriver.java:51)\r\n\tat com.basepage.BasePage.setDriver(BasePage.java:21)\r\n\tat com.stepDefinition.AddCardSteps.user_logged_and_valid_password(AddCardSteps.java:48)\r\n\tat ✽.User logged \"test-123@yopmail.com\" and valid password \"Sssafa199**\"(file:///C:/Users/user/eclipseworkspace/ShopBDDweb/src/test/resources/features/AddCard.feature:17)\r\n","flaky":false,"newFailed":false,"newBroken":false,"newPassed":false,"retriesCount":11,"retriesStatusChange":true,"beforeStages":[],"testStage":{"status":"broken","statusMessage":"Could not start a new session. Response code 500. Message: session not created: This version of ChromeDriver only supports Chrome version 130\nCurrent browser version is 129.0.6668.71 with binary path C:\\Users\\user\\AppData\\Local\\Google\\Chrome\\Application\\chrome.exe \nHost info: host: 'DESKTOP-TA2JTMN', ip: '192.168.1.68'\nBuild info: version: '4.25.0', revision: '8a8aea2337'\nSystem info: os.name: 'Windows 11', os.arch: 'amd64', os.version: '10.0', java.version: '17.0.11'\nDriver info: org.openqa.selenium.chrome.ChromeDriver\nCommand: [null, newSession {capabilities=[Capabilities {browserName: chrome, goog:chromeOptions: {args: [], binary: C:\\Users\\user\\AppData\\Local..., extensions: []}}]}]","statusTrace":"org.openqa.selenium.SessionNotCreatedException: Could not start a new session. Response code 500. Message: session not created: This version of ChromeDriver only supports Chrome version 130\nCurrent browser version is 129.0.6668.71 with binary path C:\\Users\\user\\AppData\\Local\\Google\\Chrome\\Application\\chrome.exe \nHost info: host: 'DESKTOP-TA2JTMN', ip: '192.168.1.68'\nBuild info: version: '4.25.0', revision: '8a8aea2337'\nSystem info: os.name: 'Windows 11', os.arch: 'amd64', os.version: '10.0', java.version: '17.0.11'\nDriver info: org.openqa.selenium.chrome.ChromeDriver\nCommand: [null, newSession {capabilities=[Capabilities {browserName: chrome, goog:chromeOptions: {args: [], binary: C:\\Users\\user\\AppData\\Local..., extensions: []}}]}]\r\n\tat org.openqa.selenium.remote.ProtocolHandshake.createSession(ProtocolHandshake.java:114)\r\n\tat org.openqa.selenium.remote.ProtocolHandshake.createSession(ProtocolHandshake.java:75)\r\n\tat org.openqa.selenium.remote.ProtocolHandshake.createSession(ProtocolHandshake.java:61)\r\n\tat org.openqa.selenium.remote.HttpCommandExecutor.execute(HttpCommandExecutor.java:162)\r\n\tat org.openqa.selenium.remote.service.DriverCommandExecutor.invokeExecute(DriverCommandExecutor.java:216)\r\n\tat org.openqa.selenium.remote.service.DriverCommandExecutor.execute(DriverCommandExecutor.java:174)\r\n\tat org.openqa.selenium.remote.RemoteWebDriver.execute(RemoteWebDriver.java:545)\r\n\tat org.openqa.selenium.remote.RemoteWebDriver.startSession(RemoteWebDriver.java:245)\r\n\tat org.openqa.selenium.remote.RemoteWebDriver.<init>(RemoteWebDriver.java:174)\r\n\tat org.openqa.selenium.chromium.ChromiumDriver.<init>(ChromiumDriver.java:114)\r\n\tat org.openqa.selenium.chrome.ChromeDriver.<init>(ChromeDriver.java:88)\r\n\tat org.openqa.selenium.chrome.ChromeDriver.<init>(ChromeDriver.java:83)\r\n\tat org.openqa.selenium.chrome.ChromeDriver.<init>(ChromeDriver.java:51)\r\n\tat com.basepage.BasePage.setDriver(BasePage.java:21)\r\n\tat com.stepDefinition.AddCardSteps.user_logged_and_valid_password(AddCardSteps.java:48)\r\n\tat ✽.User logged \"test-123@yopmail.com\" and valid password \"Sssafa199**\"(file:///C:/Users/user/eclipseworkspace/ShopBDDweb/src/test/resources/features/AddCard.feature:17)\r\n","steps":[{"name":"Given User logged \"test-123@yopmail.com\" and valid password \"Sssafa199**\"","time":{"start":1733933091180,"stop":1733933092890,"duration":1710},"status":"broken","statusMessage":"Could not start a new session. Response code 500. Message: session not created: This version of ChromeDriver only supports Chrome version 130\nCurrent browser version is 129.0.6668.71 with binary path C:\\Users\\user\\AppData\\Local\\Google\\Chrome\\Application\\chrome.exe \nHost info: host: 'DESKTOP-TA2JTMN', ip: '192.168.1.68'\nBuild info: version: '4.25.0', revision: '8a8aea2337'\nSystem info: os.name: 'Windows 11', os.arch: 'amd64', os.version: '10.0', java.version: '17.0.11'\nDriver info: org.openqa.selenium.chrome.ChromeDriver\nCommand: [null, newSession {capabilities=[Capabilities {browserName: chrome, goog:chromeOptions: {args: [], binary: C:\\Users\\user\\AppData\\Local..., extensions: []}}]}]","statusTrace":"org.openqa.selenium.SessionNotCreatedException: Could not start a new session. Response code 500. Message: session not created: This version of ChromeDriver only supports Chrome version 130\nCurrent browser version is 129.0.6668.71 with binary path C:\\Users\\user\\AppData\\Local\\Google\\Chrome\\Application\\chrome.exe \nHost info: host: 'DESKTOP-TA2JTMN', ip: '192.168.1.68'\nBuild info: version: '4.25.0', revision: '8a8aea2337'\nSystem info: os.name: 'Windows 11', os.arch: 'amd64', os.version: '10.0', java.version: '17.0.11'\nDriver info: org.openqa.selenium.chrome.ChromeDriver\nCommand: [null, newSession {capabilities=[Capabilities {browserName: chrome, goog:chromeOptions: {args: [], binary: C:\\Users\\user\\AppData\\Local..., extensions: []}}]}]\r\n\tat org.openqa.selenium.remote.ProtocolHandshake.createSession(ProtocolHandshake.java:114)\r\n\tat org.openqa.selenium.remote.ProtocolHandshake.createSession(ProtocolHandshake.java:75)\r\n\tat org.openqa.selenium.remote.ProtocolHandshake.createSession(ProtocolHandshake.java:61)\r\n\tat org.openqa.selenium.remote.HttpCommandExecutor.execute(HttpCommandExecutor.java:162)\r\n\tat org.openqa.selenium.remote.service.DriverCommandExecutor.invokeExecute(DriverCommandExecutor.java:216)\r\n\tat org.openqa.selenium.remote.service.DriverCommandExecutor.execute(DriverCommandExecutor.java:174)\r\n\tat org.openqa.selenium.remote.RemoteWebDriver.execute(RemoteWebDriver.java:545)\r\n\tat org.openqa.selenium.remote.RemoteWebDriver.startSession(RemoteWebDriver.java:245)\r\n\tat org.openqa.selenium.remote.RemoteWebDriver.<init>(RemoteWebDriver.java:174)\r\n\tat org.openqa.selenium.chromium.ChromiumDriver.<init>(ChromiumDriver.java:114)\r\n\tat org.openqa.selenium.chrome.ChromeDriver.<init>(ChromeDriver.java:88)\r\n\tat org.openqa.selenium.chrome.ChromeDriver.<init>(ChromeDriver.java:83)\r\n\tat org.openqa.selenium.chrome.ChromeDriver.<init>(ChromeDriver.java:51)\r\n\tat com.basepage.BasePage.setDriver(BasePage.java:21)\r\n\tat com.stepDefinition.AddCardSteps.user_logged_and_valid_password(AddCardSteps.java:48)\r\n\tat ✽.User logged \"test-123@yopmail.com\" and valid password \"Sssafa199**\"(file:///C:/Users/user/eclipseworkspace/ShopBDDweb/src/test/resources/features/AddCard.feature:17)\r\n","steps":[],"attachments":[],"parameters":[],"shouldDisplayMessage":true,"attachmentsCount":0,"attachmentStep":false,"hasContent":true,"stepsCount":0},{"name":"When User enters name product \"HP LP3065\" into the search bar","time":{"start":1733933092892,"stop":1733933092892,"duration":0},"status":"skipped","steps":[],"attachments":[],"parameters":[],"shouldDisplayMessage":false,"attachmentsCount":0,"attachmentStep":false,"hasContent":false,"stepsCount":0},{"name":"And User click on the search button","time":{"start":1733933092893,"stop":1733933092893,"duration":0},"status":"skipped","steps":[],"attachments":[],"parameters":[],"shouldDisplayMessage":false,"attachmentsCount":0,"attachmentStep":false,"hasContent":false,"stepsCount":0},{"name":"Then User should see a list of product containing \"HP LP3065\"","time":{"start":1733933092893,"stop":1733933092893,"duration":0},"status":"skipped","steps":[],"attachments":[],"parameters":[],"shouldDisplayMessage":false,"attachmentsCount":0,"attachmentStep":false,"hasContent":false,"stepsCount":0}],"attachments":[],"parameters":[],"shouldDisplayMessage":false,"attachmentsCount":0,"attachmentStep":false,"hasContent":true,"stepsCount":4},"afterStages":[],"labels":[{"name":"host","value":"DESKTOP-TA2JTMN"},{"name":"thread","value":"16972@DESKTOP-TA2JTMN.main(1)"},{"name":"feature","value":"Search and Add and Delete product to the cart"},{"name":"story","value":"Seccessuful search for an existing product"},{"name":"suite","value":"Search and Add and Delete product to the cart"},{"name":"testClass","value":"Seccessuful search for an existing product"},{"name":"framework","value":"cucumber4jvm"},{"name":"language","value":"java"},{"name":"gherkin_uri","value":"file:///C:/Users/user/eclipseworkspace/ShopBDDweb/src/test/resources/features/AddCard.feature"},{"name":"package","value":"src.test.resources.features.AddCard_feature.Search and Add and Delete product to the cart"},{"name":"resultFormat","value":"allure2"}],"parameters":[{"name":"email","value":"test-123@yopmail.com"},{"name":"password","value":"Sssafa199**"},{"name":"product","value":"HP LP3065"}],"links":[],"hidden":false,"retry":false,"extra":{"severity":"normal","retries":[{"uid":"ec1ca008bee5c99b","status":"passed","time":{"start":1733927110062,"stop":1733927117051,"duration":6989}},{"uid":"92683bcbf1380af","status":"passed","time":{"start":1733854741760,"stop":1733854753337,"duration":11577}},{"uid":"440aa880c0d87bf8","status":"passed","time":{"start":1733854060791,"stop":1733854068164,"duration":7373}},{"uid":"b28b50420c9c7de7","status":"passed","time":{"start":1733853755251,"stop":1733853762350,"duration":7099}},{"uid":"b7092f6aa23232cb","status":"broken","statusDetails":"Could not start a new session. Response code 500. Message: session not created: This version of ChromeDriver only supports Chrome version 130\nCurrent browser version is 129.0.6668.71 with binary path C:\\Users\\user\\AppData\\Local\\Google\\Chrome\\Application\\chrome.exe \nHost info: host: 'DESKTOP-TA2JTMN', ip: '192.168.1.56'\nBuild info: version: '4.25.0', revision: '8a8aea2337'\nSystem info: os.name: 'Windows 11', os.arch: 'amd64', os.version: '10.0', java.version: '17.0.11'\nDriver info: org.openqa.selenium.chrome.ChromeDriver\nCommand: [null, newSession {capabilities=[Capabilities {browserName: chrome, goog:chromeOptions: {args: [], extensions: []}}]}]","time":{"start":1733853201705,"stop":1733853202770,"duration":1065}},{"uid":"e0a1e38fa6bdeb7d","status":"passed","time":{"start":1733852862569,"stop":1733852869107,"duration":6538}},{"uid":"f8fe4f4f3d845d8e","status":"passed","time":{"start":1733847083912,"stop":1733847105908,"duration":21996}},{"uid":"2f294542f09b4621","status":"passed","time":{"start":1733846321025,"stop":1733846385435,"duration":64410}},{"uid":"cb0013e08a8cfe7","status":"broken","statusDetails":"Unresolved compilation problem: \n\tAssert cannot be resolved\n","time":{"start":1733845968461,"stop":1733845980330,"duration":11869}},{"uid":"db9b7cb1e8dc0fa6","status":"passed","time":{"start":1733684810699,"stop":1733684818777,"duration":8078}},{"uid":"846cf11039d5b798","status":"passed","time":{"start":1733481298088,"stop":1733481306894,"duration":8806}}],"categories":[{"name":"Test defects","matchedStatuses":[],"flaky":false}],"tags":[]},"source":"e85c6e09760035f5.json","parameterValues":["test-123@yopmail.com","Sssafa199**","HP LP3065"]}